This is pdfTeX, Version 3.141592653-2.6-1.40.27 (TeX Live 2025) (preloaded format=pdflatex 2025.9.10)  4 NOV 2025 09:37
entering extended mode
 restricted \write18 enabled.
 file:line:error style messages enabled.
 %&-line parsing enabled.
**"/Users/barwein/Library/CloudStorage/Dropbox/My PC (LAPTOP-6NAJD2IQ)/Desktop/Gate/University/TAU/PhD/Writing/Drafts/Sampled networks/ENRT_SA/draft/enrt_draft.tex"
(/Users/barwein/Library/CloudStorage/Dropbox/My PC (LAPTOP-6NAJD2IQ)/Desktop/Gate/University/TAU/PhD/Writing/Drafts/Sampled networks/ENRT_SA/draft/enrt_draft.tex
LaTeX2e <2024-11-01> patch level 2
L3 programming layer <2025-01-18>
(/usr/local/texlive/2025/texmf-dist/tex/latex/base/article.cls
Document Class: article 2024/06/29 v1.4n Standard LaTeX document class
(/usr/local/texlive/2025/texmf-dist/tex/latex/base/size10.clo
File: size10.clo 2024/06/29 v1.4n Standard LaTeX file (size option)
)
\c@part=\count196
\c@section=\count197
\c@subsection=\count198
\c@subsubsection=\count199
\c@paragraph=\count266
\c@subparagraph=\count267
\c@figure=\count268
\c@table=\count269
\abovecaptionskip=\skip49
\belowcaptionskip=\skip50
\bibindent=\dimen141
) (/usr/local/texlive/2025/texmf-dist/tex/latex/base/inputenc.sty
Package: inputenc 2024/02/08 v1.3d Input encoding file
\inpenc@prehook=\toks17
\inpenc@posthook=\toks18
) (/usr/local/texlive/2025/texmf-dist/tex/latex/amsmath/amsmath.sty
Package: amsmath 2024/11/05 v2.17t AMS math features
\@mathmargin=\skip51

For additional information on amsmath, use the `?' option.
(/usr/local/texlive/2025/texmf-dist/tex/latex/amsmath/amstext.sty
Package: amstext 2021/08/26 v2.01 AMS text
 (/usr/local/texlive/2025/texmf-dist/tex/latex/amsmath/amsgen.sty
File: amsgen.sty 1999/11/30 v2.0 generic functions
\@emptytoks=\toks19
\ex@=\dimen142
)) (/usr/local/texlive/2025/texmf-dist/tex/latex/amsmath/amsbsy.sty
Package: amsbsy 1999/11/29 v1.2d Bold Symbols
\pmbraise@=\dimen143
) (/usr/local/texlive/2025/texmf-dist/tex/latex/amsmath/amsopn.sty
Package: amsopn 2022/04/08 v2.04 operator names
)
\inf@bad=\count270
LaTeX Info: Redefining \frac on input line 233.
\uproot@=\count271
\leftroot@=\count272
LaTeX Info: Redefining \overline on input line 398.
LaTeX Info: Redefining \colon on input line 409.
\classnum@=\count273
\DOTSCASE@=\count274
LaTeX Info: Redefining \ldots on input line 495.
LaTeX Info: Redefining \dots on input line 498.
LaTeX Info: Redefining \cdots on input line 619.
\Mathstrutbox@=\box52
\strutbox@=\box53
LaTeX Info: Redefining \big on input line 721.
LaTeX Info: Redefining \Big on input line 722.
LaTeX Info: Redefining \bigg on input line 723.
LaTeX Info: Redefining \Bigg on input line 724.
\big@size=\dimen144
LaTeX Font Info:    Redeclaring font encoding OML on input line 742.
LaTeX Font Info:    Redeclaring font encoding OMS on input line 743.
\macc@depth=\count275
LaTeX Info: Redefining \bmod on input line 904.
LaTeX Info: Redefining \pmod on input line 909.
LaTeX Info: Redefining \smash on input line 939.
LaTeX Info: Redefining \relbar on input line 969.
LaTeX Info: Redefining \Relbar on input line 970.
\c@MaxMatrixCols=\count276
\dotsspace@=\muskip17
\c@parentequation=\count277
\dspbrk@lvl=\count278
\tag@help=\toks20
\row@=\count279
\column@=\count280
\maxfields@=\count281
\andhelp@=\toks21
\eqnshift@=\dimen145
\alignsep@=\dimen146
\tagshift@=\dimen147
\tagwidth@=\dimen148
\totwidth@=\dimen149
\lineht@=\dimen150
\@envbody=\toks22
\multlinegap=\skip52
\multlinetaggap=\skip53
\mathdisplay@stack=\toks23
LaTeX Info: Redefining \[ on input line 2953.
LaTeX Info: Redefining \] on input line 2954.
) (/usr/local/texlive/2025/texmf-dist/tex/latex/amsfonts/amsfonts.sty
Package: amsfonts 2013/01/14 v3.01 Basic AMSFonts support
\symAMSa=\mathgroup4
\symAMSb=\mathgroup5
LaTeX Font Info:    Redeclaring math symbol \hbar on input line 98.
LaTeX Font Info:    Overwriting math alphabet `\mathfrak' in version `bold'
(Font)                  U/euf/m/n --> U/euf/b/n on input line 106.
) (/usr/local/texlive/2025/texmf-dist/tex/latex/amsfonts/amssymb.sty
Package: amssymb 2013/01/14 v3.01 AMS font symbols
) (/usr/local/texlive/2025/texmf-dist/tex/latex/amscls/amsthm.sty
Package: amsthm 2020/05/29 v2.20.6
\thm@style=\toks24
\thm@bodyfont=\toks25
\thm@headfont=\toks26
\thm@notefont=\toks27
\thm@headpunct=\toks28
\thm@preskip=\skip54
\thm@postskip=\skip55
\thm@headsep=\skip56
\dth@everypar=\toks29
) (/usr/local/texlive/2025/texmf-dist/tex/latex/hyperref/hyperref.sty
Package: hyperref 2024-11-05 v7.01l Hypertext links for LaTeX
 (/usr/local/texlive/2025/texmf-dist/tex/generic/iftex/iftex.sty
Package: iftex 2024/12/12 v1.0g TeX engine tests
) (/usr/local/texlive/2025/texmf-dist/tex/latex/graphics/keyval.sty
Package: keyval 2022/05/29 v1.15 key=value parser (DPC)
\KV@toks@=\toks30
) (/usr/local/texlive/2025/texmf-dist/tex/latex/kvsetkeys/kvsetkeys.sty
Package: kvsetkeys 2022-10-05 v1.19 Key value parser (HO)
) (/usr/local/texlive/2025/texmf-dist/tex/generic/kvdefinekeys/kvdefinekeys.sty
Package: kvdefinekeys 2019-12-19 v1.6 Define keys (HO)
) (/usr/local/texlive/2025/texmf-dist/tex/generic/pdfescape/pdfescape.sty
Package: pdfescape 2019/12/09 v1.15 Implements pdfTeX's escape features (HO)
 (/usr/local/texlive/2025/texmf-dist/tex/generic/ltxcmds/ltxcmds.sty
Package: ltxcmds 2023-12-04 v1.26 LaTeX kernel commands for general use (HO)
) (/usr/local/texlive/2025/texmf-dist/tex/generic/pdftexcmds/pdftexcmds.sty
Package: pdftexcmds 2020-06-27 v0.33 Utility functions of pdfTeX for LuaTeX (HO)
 (/usr/local/texlive/2025/texmf-dist/tex/generic/infwarerr/infwarerr.sty
Package: infwarerr 2019/12/03 v1.5 Providing info/warning/error messages (HO)
)
Package pdftexcmds Info: \pdf@primitive is available.
Package pdftexcmds Info: \pdf@ifprimitive is available.
Package pdftexcmds Info: \pdfdraftmode found.
)) (/usr/local/texlive/2025/texmf-dist/tex/latex/hycolor/hycolor.sty
Package: hycolor 2020-01-27 v1.10 Color options for hyperref/bookmark (HO)
) (/usr/local/texlive/2025/texmf-dist/tex/latex/hyperref/nameref.sty
Package: nameref 2023-11-26 v2.56 Cross-referencing by name of section
 (/usr/local/texlive/2025/texmf-dist/tex/latex/refcount/refcount.sty
Package: refcount 2019/12/15 v3.6 Data extraction from label references (HO)
) (/usr/local/texlive/2025/texmf-dist/tex/generic/gettitlestring/gettitlestring.sty
Package: gettitlestring 2019/12/15 v1.6 Cleanup title references (HO)
 (/usr/local/texlive/2025/texmf-dist/tex/latex/kvoptions/kvoptions.sty
Package: kvoptions 2022-06-15 v3.15 Key value format for package options (HO)
))
\c@section@level=\count282
) (/usr/local/texlive/2025/texmf-dist/tex/latex/etoolbox/etoolbox.sty
Package: etoolbox 2025/02/11 v2.5l e-TeX tools for LaTeX (JAW)
\etb@tempcnta=\count283
) (/usr/local/texlive/2025/texmf-dist/tex/generic/stringenc/stringenc.sty
Package: stringenc 2019/11/29 v1.12 Convert strings between diff. encodings (HO)
)
\@linkdim=\dimen151
\Hy@linkcounter=\count284
\Hy@pagecounter=\count285
 (/usr/local/texlive/2025/texmf-dist/tex/latex/hyperref/pd1enc.def
File: pd1enc.def 2024-11-05 v7.01l Hyperref: PDFDocEncoding definition (HO)
Now handling font encoding PD1 ...
... no UTF-8 mapping file for font encoding PD1
) (/usr/local/texlive/2025/texmf-dist/tex/generic/intcalc/intcalc.sty
Package: intcalc 2019/12/15 v1.3 Expandable calculations with integers (HO)
)
\Hy@SavedSpaceFactor=\count286
 (/usr/local/texlive/2025/texmf-dist/tex/latex/hyperref/puenc.def
File: puenc.def 2024-11-05 v7.01l Hyperref: PDF Unicode definition (HO)
Now handling font encoding PU ...
... no UTF-8 mapping file for font encoding PU
)
Package hyperref Info: Hyper figures OFF on input line 4157.
Package hyperref Info: Link nesting OFF on input line 4162.
Package hyperref Info: Hyper index ON on input line 4165.
Package hyperref Info: Plain pages OFF on input line 4172.
Package hyperref Info: Backreferencing OFF on input line 4177.
Package hyperref Info: Implicit mode ON; LaTeX internals redefined.
Package hyperref Info: Bookmarks ON on input line 4424.
\c@Hy@tempcnt=\count287
 (/usr/local/texlive/2025/texmf-dist/tex/latex/url/url.sty
\Urlmuskip=\muskip18
Package: url 2013/09/16  ver 3.4  Verb mode for urls, etc.
)
LaTeX Info: Redefining \url on input line 4763.
\XeTeXLinkMargin=\dimen152
 (/usr/local/texlive/2025/texmf-dist/tex/generic/bitset/bitset.sty
Package: bitset 2019/12/09 v1.3 Handle bit-vector datatype (HO)
 (/usr/local/texlive/2025/texmf-dist/tex/generic/bigintcalc/bigintcalc.sty
Package: bigintcalc 2019/12/15 v1.5 Expandable calculations on big integers (HO)
))
\Fld@menulength=\count288
\Field@Width=\dimen153
\Fld@charsize=\dimen154
Package hyperref Info: Hyper figures OFF on input line 6042.
Package hyperref Info: Link nesting OFF on input line 6047.
Package hyperref Info: Hyper index ON on input line 6050.
Package hyperref Info: backreferencing OFF on input line 6057.
Package hyperref Info: Link coloring OFF on input line 6062.
Package hyperref Info: Link coloring with OCG OFF on input line 6067.
Package hyperref Info: PDF/A mode OFF on input line 6072.
 (/usr/local/texlive/2025/texmf-dist/tex/latex/base/atbegshi-ltx.sty
Package: atbegshi-ltx 2021/01/10 v1.0c Emulation of the original atbegshi
package with kernel methods
)
\Hy@abspage=\count289
\c@Item=\count290
\c@Hfootnote=\count291
)
Package hyperref Info: Driver (autodetected): hpdftex.
 (/usr/local/texlive/2025/texmf-dist/tex/latex/hyperref/hpdftex.def
File: hpdftex.def 2024-11-05 v7.01l Hyperref driver for pdfTeX
 (/usr/local/texlive/2025/texmf-dist/tex/latex/base/atveryend-ltx.sty
Package: atveryend-ltx 2020/08/19 v1.0a Emulation of the original atveryend package
with kernel methods
)
\Fld@listcount=\count292
\c@bookmark@seq@number=\count293
 (/usr/local/texlive/2025/texmf-dist/tex/latex/rerunfilecheck/rerunfilecheck.sty
Package: rerunfilecheck 2022-07-10 v1.10 Rerun checks for auxiliary files (HO)
 (/usr/local/texlive/2025/texmf-dist/tex/generic/uniquecounter/uniquecounter.sty
Package: uniquecounter 2019/12/15 v1.4 Provide unlimited unique counter (HO)
)
Package uniquecounter Info: New unique counter `rerunfilecheck' on input line 285.
)
\Hy@SectionHShift=\skip57
) (/usr/local/texlive/2025/texmf-dist/tex/latex/pgf/frontendlayer/tikz.sty (/usr/local/texlive/2025/texmf-dist/tex/latex/pgf/basiclayer/pgf.sty (/usr/local/texlive/2025/texmf-dist/tex/latex/pgf/utilities/pgfrcs.sty (/usr/local/texlive/2025/texmf-dist/tex/generic/pgf/utilities/pgfutil-common.tex
\pgfutil@everybye=\toks31
\pgfutil@tempdima=\dimen155
\pgfutil@tempdimb=\dimen156
) (/usr/local/texlive/2025/texmf-dist/tex/generic/pgf/utilities/pgfutil-latex.def
\pgfutil@abb=\box54
) (/usr/local/texlive/2025/texmf-dist/tex/generic/pgf/utilities/pgfrcs.code.tex (/usr/local/texlive/2025/texmf-dist/tex/generic/pgf/pgf.revision.tex)
Package: pgfrcs 2023-01-15 v3.1.10 (3.1.10)
))
Package: pgf 2023-01-15 v3.1.10 (3.1.10)
 (/usr/local/texlive/2025/texmf-dist/tex/latex/pgf/basiclayer/pgfcore.sty (/usr/local/texlive/2025/texmf-dist/tex/latex/graphics/graphicx.sty
Package: graphicx 2021/09/16 v1.2d Enhanced LaTeX Graphics (DPC,SPQR)
 (/usr/local/texlive/2025/texmf-dist/tex/latex/graphics/graphics.sty
Package: graphics 2024/08/06 v1.4g Standard LaTeX Graphics (DPC,SPQR)
 (/usr/local/texlive/2025/texmf-dist/tex/latex/graphics/trig.sty
Package: trig 2023/12/02 v1.11 sin cos tan (DPC)
) (/usr/local/texlive/2025/texmf-dist/tex/latex/graphics-cfg/graphics.cfg
File: graphics.cfg 2016/06/04 v1.11 sample graphics configuration
)
Package graphics Info: Driver file: pdftex.def on input line 106.
 (/usr/local/texlive/2025/texmf-dist/tex/latex/graphics-def/pdftex.def
File: pdftex.def 2024/04/13 v1.2c Graphics/color driver for pdftex
))
\Gin@req@height=\dimen157
\Gin@req@width=\dimen158
) (/usr/local/texlive/2025/texmf-dist/tex/latex/pgf/systemlayer/pgfsys.sty (/usr/local/texlive/2025/texmf-dist/tex/generic/pgf/systemlayer/pgfsys.code.tex
Package: pgfsys 2023-01-15 v3.1.10 (3.1.10)
 (/usr/local/texlive/2025/texmf-dist/tex/generic/pgf/utilities/pgfkeys.code.tex
\pgfkeys@pathtoks=\toks32
\pgfkeys@temptoks=\toks33
 (/usr/local/texlive/2025/texmf-dist/tex/generic/pgf/utilities/pgfkeyslibraryfiltered.code.tex
\pgfkeys@tmptoks=\toks34
))
\pgf@x=\dimen159
\pgf@y=\dimen160
\pgf@xa=\dimen161
\pgf@ya=\dimen162
\pgf@xb=\dimen163
\pgf@yb=\dimen164
\pgf@xc=\dimen165
\pgf@yc=\dimen166
\pgf@xd=\dimen167
\pgf@yd=\dimen168
\w@pgf@writea=\write3
\r@pgf@reada=\read2
\c@pgf@counta=\count294
\c@pgf@countb=\count295
\c@pgf@countc=\count296
\c@pgf@countd=\count297
\t@pgf@toka=\toks35
\t@pgf@tokb=\toks36
\t@pgf@tokc=\toks37
\pgf@sys@id@count=\count298
 (/usr/local/texlive/2025/texmf-dist/tex/generic/pgf/systemlayer/pgf.cfg
File: pgf.cfg 2023-01-15 v3.1.10 (3.1.10)
)
Driver file for pgf: pgfsys-pdftex.def
 (/usr/local/texlive/2025/texmf-dist/tex/generic/pgf/systemlayer/pgfsys-pdftex.def
File: pgfsys-pdftex.def 2023-01-15 v3.1.10 (3.1.10)
 (/usr/local/texlive/2025/texmf-dist/tex/generic/pgf/systemlayer/pgfsys-common-pdf.def
File: pgfsys-common-pdf.def 2023-01-15 v3.1.10 (3.1.10)
))) (/usr/local/texlive/2025/texmf-dist/tex/generic/pgf/systemlayer/pgfsyssoftpath.code.tex
File: pgfsyssoftpath.code.tex 2023-01-15 v3.1.10 (3.1.10)
\pgfsyssoftpath@smallbuffer@items=\count299
\pgfsyssoftpath@bigbuffer@items=\count300
) (/usr/local/texlive/2025/texmf-dist/tex/generic/pgf/systemlayer/pgfsysprotocol.code.tex
File: pgfsysprotocol.code.tex 2023-01-15 v3.1.10 (3.1.10)
)) (/usr/local/texlive/2025/texmf-dist/tex/latex/xcolor/xcolor.sty
Package: xcolor 2024/09/29 v3.02 LaTeX color extensions (UK)
 (/usr/local/texlive/2025/texmf-dist/tex/latex/graphics-cfg/color.cfg
File: color.cfg 2016/01/02 v1.6 sample color configuration
)
Package xcolor Info: Driver file: pdftex.def on input line 274.
 (/usr/local/texlive/2025/texmf-dist/tex/latex/graphics/mathcolor.ltx)
Package xcolor Info: Model `cmy' substituted by `cmy0' on input line 1349.
Package xcolor Info: Model `hsb' substituted by `rgb' on input line 1353.
Package xcolor Info: Model `RGB' extended on input line 1365.
Package xcolor Info: Model `HTML' substituted by `rgb' on input line 1367.
Package xcolor Info: Model `Hsb' substituted by `hsb' on input line 1368.
Package xcolor Info: Model `tHsb' substituted by `hsb' on input line 1369.
Package xcolor Info: Model `HSB' substituted by `hsb' on input line 1370.
Package xcolor Info: Model `Gray' substituted by `gray' on input line 1371.
Package xcolor Info: Model `wave' substituted by `hsb' on input line 1372.
) (/usr/local/texlive/2025/texmf-dist/tex/generic/pgf/basiclayer/pgfcore.code.tex
Package: pgfcore 2023-01-15 v3.1.10 (3.1.10)
 (/usr/local/texlive/2025/texmf-dist/tex/generic/pgf/math/pgfmath.code.tex (/usr/local/texlive/2025/texmf-dist/tex/generic/pgf/math/pgfmathutil.code.tex) (/usr/local/texlive/2025/texmf-dist/tex/generic/pgf/math/pgfmathparser.code.tex
\pgfmath@dimen=\dimen169
\pgfmath@count=\count301
\pgfmath@box=\box55
\pgfmath@toks=\toks38
\pgfmath@stack@operand=\toks39
\pgfmath@stack@operation=\toks40
) (/usr/local/texlive/2025/texmf-dist/tex/generic/pgf/math/pgfmathfunctions.code.tex) (/usr/local/texlive/2025/texmf-dist/tex/generic/pgf/math/pgfmathfunctions.basic.code.tex) (/usr/local/texlive/2025/texmf-dist/tex/generic/pgf/math/pgfmathfunctions.trigonometric.code.tex) (/usr/local/texlive/2025/texmf-dist/tex/generic/pgf/math/pgfmathfunctions.random.code.tex) (/usr/local/texlive/2025/texmf-dist/tex/generic/pgf/math/pgfmathfunctions.comparison.code.tex) (/usr/local/texlive/2025/texmf-dist/tex/generic/pgf/math/pgfmathfunctions.base.code.tex) (/usr/local/texlive/2025/texmf-dist/tex/generic/pgf/math/pgfmathfunctions.round.code.tex) (/usr/local/texlive/2025/texmf-dist/tex/generic/pgf/math/pgfmathfunctions.misc.code.tex) (/usr/local/texlive/2025/texmf-dist/tex/generic/pgf/math/pgfmathfunctions.integerarithmetics.code.tex) (/usr/local/texlive/2025/texmf-dist/tex/generic/pgf/math/pgfmathcalc.code.tex) (/usr/local/texlive/2025/texmf-dist/tex/generic/pgf/math/pgfmathfloat.code.tex
\c@pgfmathroundto@lastzeros=\count302
)) (/usr/local/texlive/2025/texmf-dist/tex/generic/pgf/math/pgfint.code.tex) (/usr/local/texlive/2025/texmf-dist/tex/generic/pgf/basiclayer/pgfcorepoints.code.tex
File: pgfcorepoints.code.tex 2023-01-15 v3.1.10 (3.1.10)
\pgf@picminx=\dimen170
\pgf@picmaxx=\dimen171
\pgf@picminy=\dimen172
\pgf@picmaxy=\dimen173
\pgf@pathminx=\dimen174
\pgf@pathmaxx=\dimen175
\pgf@pathminy=\dimen176
\pgf@pathmaxy=\dimen177
\pgf@xx=\dimen178
\pgf@xy=\dimen179
\pgf@yx=\dimen180
\pgf@yy=\dimen181
\pgf@zx=\dimen182
\pgf@zy=\dimen183
) (/usr/local/texlive/2025/texmf-dist/tex/generic/pgf/basiclayer/pgfcorepathconstruct.code.tex
File: pgfcorepathconstruct.code.tex 2023-01-15 v3.1.10 (3.1.10)
\pgf@path@lastx=\dimen184
\pgf@path@lasty=\dimen185
) (/usr/local/texlive/2025/texmf-dist/tex/generic/pgf/basiclayer/pgfcorepathusage.code.tex
File: pgfcorepathusage.code.tex 2023-01-15 v3.1.10 (3.1.10)
\pgf@shorten@end@additional=\dimen186
\pgf@shorten@start@additional=\dimen187
) (/usr/local/texlive/2025/texmf-dist/tex/generic/pgf/basiclayer/pgfcorescopes.code.tex
File: pgfcorescopes.code.tex 2023-01-15 v3.1.10 (3.1.10)
\pgfpic=\box56
\pgf@hbox=\box57
\pgf@layerbox@main=\box58
\pgf@picture@serial@count=\count303
) (/usr/local/texlive/2025/texmf-dist/tex/generic/pgf/basiclayer/pgfcoregraphicstate.code.tex
File: pgfcoregraphicstate.code.tex 2023-01-15 v3.1.10 (3.1.10)
\pgflinewidth=\dimen188
) (/usr/local/texlive/2025/texmf-dist/tex/generic/pgf/basiclayer/pgfcoretransformations.code.tex
File: pgfcoretransformations.code.tex 2023-01-15 v3.1.10 (3.1.10)
\pgf@pt@x=\dimen189
\pgf@pt@y=\dimen190
\pgf@pt@temp=\dimen191
) (/usr/local/texlive/2025/texmf-dist/tex/generic/pgf/basiclayer/pgfcorequick.code.tex
File: pgfcorequick.code.tex 2023-01-15 v3.1.10 (3.1.10)
) (/usr/local/texlive/2025/texmf-dist/tex/generic/pgf/basiclayer/pgfcoreobjects.code.tex
File: pgfcoreobjects.code.tex 2023-01-15 v3.1.10 (3.1.10)
) (/usr/local/texlive/2025/texmf-dist/tex/generic/pgf/basiclayer/pgfcorepathprocessing.code.tex
File: pgfcorepathprocessing.code.tex 2023-01-15 v3.1.10 (3.1.10)
) (/usr/local/texlive/2025/texmf-dist/tex/generic/pgf/basiclayer/pgfcorearrows.code.tex
File: pgfcorearrows.code.tex 2023-01-15 v3.1.10 (3.1.10)
\pgfarrowsep=\dimen192
) (/usr/local/texlive/2025/texmf-dist/tex/generic/pgf/basiclayer/pgfcoreshade.code.tex
File: pgfcoreshade.code.tex 2023-01-15 v3.1.10 (3.1.10)
\pgf@max=\dimen193
\pgf@sys@shading@range@num=\count304
\pgf@shadingcount=\count305
) (/usr/local/texlive/2025/texmf-dist/tex/generic/pgf/basiclayer/pgfcoreimage.code.tex
File: pgfcoreimage.code.tex 2023-01-15 v3.1.10 (3.1.10)
) (/usr/local/texlive/2025/texmf-dist/tex/generic/pgf/basiclayer/pgfcoreexternal.code.tex
File: pgfcoreexternal.code.tex 2023-01-15 v3.1.10 (3.1.10)
\pgfexternal@startupbox=\box59
) (/usr/local/texlive/2025/texmf-dist/tex/generic/pgf/basiclayer/pgfcorelayers.code.tex
File: pgfcorelayers.code.tex 2023-01-15 v3.1.10 (3.1.10)
) (/usr/local/texlive/2025/texmf-dist/tex/generic/pgf/basiclayer/pgfcoretransparency.code.tex
File: pgfcoretransparency.code.tex 2023-01-15 v3.1.10 (3.1.10)
) (/usr/local/texlive/2025/texmf-dist/tex/generic/pgf/basiclayer/pgfcorepatterns.code.tex
File: pgfcorepatterns.code.tex 2023-01-15 v3.1.10 (3.1.10)
) (/usr/local/texlive/2025/texmf-dist/tex/generic/pgf/basiclayer/pgfcorerdf.code.tex
File: pgfcorerdf.code.tex 2023-01-15 v3.1.10 (3.1.10)
))) (/usr/local/texlive/2025/texmf-dist/tex/generic/pgf/modules/pgfmoduleshapes.code.tex
File: pgfmoduleshapes.code.tex 2023-01-15 v3.1.10 (3.1.10)
\pgfnodeparttextbox=\box60
) (/usr/local/texlive/2025/texmf-dist/tex/generic/pgf/modules/pgfmoduleplot.code.tex
File: pgfmoduleplot.code.tex 2023-01-15 v3.1.10 (3.1.10)
) (/usr/local/texlive/2025/texmf-dist/tex/latex/pgf/compatibility/pgfcomp-version-0-65.sty
Package: pgfcomp-version-0-65 2023-01-15 v3.1.10 (3.1.10)
\pgf@nodesepstart=\dimen194
\pgf@nodesepend=\dimen195
) (/usr/local/texlive/2025/texmf-dist/tex/latex/pgf/compatibility/pgfcomp-version-1-18.sty
Package: pgfcomp-version-1-18 2023-01-15 v3.1.10 (3.1.10)
)) (/usr/local/texlive/2025/texmf-dist/tex/latex/pgf/utilities/pgffor.sty (/usr/local/texlive/2025/texmf-dist/tex/latex/pgf/utilities/pgfkeys.sty (/usr/local/texlive/2025/texmf-dist/tex/generic/pgf/utilities/pgfkeys.code.tex)) (/usr/local/texlive/2025/texmf-dist/tex/latex/pgf/math/pgfmath.sty (/usr/local/texlive/2025/texmf-dist/tex/generic/pgf/math/pgfmath.code.tex)) (/usr/local/texlive/2025/texmf-dist/tex/generic/pgf/utilities/pgffor.code.tex
Package: pgffor 2023-01-15 v3.1.10 (3.1.10)
\pgffor@iter=\dimen196
\pgffor@skip=\dimen197
\pgffor@stack=\toks41
\pgffor@toks=\toks42
)) (/usr/local/texlive/2025/texmf-dist/tex/generic/pgf/frontendlayer/tikz/tikz.code.tex
Package: tikz 2023-01-15 v3.1.10 (3.1.10)
 (/usr/local/texlive/2025/texmf-dist/tex/generic/pgf/libraries/pgflibraryplothandlers.code.tex
File: pgflibraryplothandlers.code.tex 2023-01-15 v3.1.10 (3.1.10)
\pgf@plot@mark@count=\count306
\pgfplotmarksize=\dimen198
)
\tikz@lastx=\dimen199
\tikz@lasty=\dimen256
\tikz@lastxsaved=\dimen257
\tikz@lastysaved=\dimen258
\tikz@lastmovetox=\dimen259
\tikz@lastmovetoy=\dimen260
\tikzleveldistance=\dimen261
\tikzsiblingdistance=\dimen262
\tikz@figbox=\box61
\tikz@figbox@bg=\box62
\tikz@tempbox=\box63
\tikz@tempbox@bg=\box64
\tikztreelevel=\count307
\tikznumberofchildren=\count308
\tikznumberofcurrentchild=\count309
\tikz@fig@count=\count310
 (/usr/local/texlive/2025/texmf-dist/tex/generic/pgf/modules/pgfmodulematrix.code.tex
File: pgfmodulematrix.code.tex 2023-01-15 v3.1.10 (3.1.10)
\pgfmatrixcurrentrow=\count311
\pgfmatrixcurrentcolumn=\count312
\pgf@matrix@numberofcolumns=\count313
)
\tikz@expandcount=\count314
 (/usr/local/texlive/2025/texmf-dist/tex/generic/pgf/frontendlayer/tikz/libraries/tikzlibrarytopaths.code.tex
File: tikzlibrarytopaths.code.tex 2023-01-15 v3.1.10 (3.1.10)
))) (/usr/local/texlive/2025/texmf-dist/tex/latex/cleveref/cleveref.sty
Package: cleveref 2018/03/27 v0.21.4 Intelligent cross-referencing
Package cleveref Info: `hyperref' support loaded on input line 2370.
LaTeX Info: Redefining \cref on input line 2370.
LaTeX Info: Redefining \Cref on input line 2370.
LaTeX Info: Redefining \crefrange on input line 2370.
LaTeX Info: Redefining \Crefrange on input line 2370.
LaTeX Info: Redefining \cpageref on input line 2370.
LaTeX Info: Redefining \Cpageref on input line 2370.
LaTeX Info: Redefining \cpagerefrange on input line 2370.
LaTeX Info: Redefining \Cpagerefrange on input line 2370.
LaTeX Info: Redefining \labelcref on input line 2370.
LaTeX Info: Redefining \labelcpageref on input line 2370.
Package cleveref Info: `amsthm' support loaded on input line 3026.
) (/usr/local/texlive/2025/texmf-dist/tex/latex/natbib/natbib.sty
Package: natbib 2010/09/13 8.31b (PWD, AO)
\bibhang=\skip58
\bibsep=\skip59
LaTeX Info: Redefining \cite on input line 694.
\c@NAT@ctr=\count315
) (/usr/local/texlive/2025/texmf-dist/tex/latex/enumitem/enumitem.sty
Package: enumitem 2025/02/06 v3.11 Customized lists
\labelindent=\skip60
\enit@outerparindent=\dimen263
\enit@toks=\toks43
\enit@inbox=\box65
\enit@count@id=\count316
\enitdp@description=\count317
) (/usr/local/texlive/2025/texmf-dist/tex/latex/booktabs/booktabs.sty
Package: booktabs 2020/01/12 v1.61803398 Publication quality tables
\heavyrulewidth=\dimen264
\lightrulewidth=\dimen265
\cmidrulewidth=\dimen266
\belowrulesep=\dimen267
\belowbottomsep=\dimen268
\aboverulesep=\dimen269
\abovetopsep=\dimen270
\cmidrulesep=\dimen271
\cmidrulekern=\dimen272
\defaultaddspace=\dimen273
\@cmidla=\count318
\@cmidlb=\count319
\@aboverulesep=\dimen274
\@belowrulesep=\dimen275
\@thisruleclass=\count320
\@lastruleclass=\count321
\@thisrulewidth=\dimen276
) (/usr/local/texlive/2025/texmf-dist/tex/latex/multirow/multirow.sty
Package: multirow 2024/11/12 v2.9 Span multiple rows of a table
\multirow@colwidth=\skip61
\multirow@cntb=\count322
\multirow@dima=\skip62
\bigstrutjot=\dimen277
) (/usr/local/texlive/2025/texmf-dist/tex/latex/tools/multicol.sty
Package: multicol 2024/09/14 v1.9i multicolumn formatting (FMi)
\c@tracingmulticols=\count323
\mult@box=\box66
\multicol@leftmargin=\dimen278
\c@unbalance=\count324
\c@collectmore=\count325
\doublecol@number=\count326
\multicoltolerance=\count327
\multicolpretolerance=\count328
\full@width=\dimen279
\page@free=\dimen280
\premulticols=\dimen281
\postmulticols=\dimen282
\multicolsep=\skip63
\multicolbaselineskip=\skip64
\partial@page=\box67
\last@line=\box68
\mc@boxedresult=\box69
\maxbalancingoverflow=\dimen283
\mult@rightbox=\box70
\mult@grightbox=\box71
\mult@firstbox=\box72
\mult@gfirstbox=\box73
\@tempa=\box74
\@tempa=\box75
\@tempa=\box76
\@tempa=\box77
\@tempa=\box78
\@tempa=\box79
\@tempa=\box80
\@tempa=\box81
\@tempa=\box82
\@tempa=\box83
\@tempa=\box84
\@tempa=\box85
\@tempa=\box86
\@tempa=\box87
\@tempa=\box88
\@tempa=\box89
\@tempa=\box90
\@tempa=\box91
\@tempa=\box92
\@tempa=\box93
\@tempa=\box94
\@tempa=\box95
\@tempa=\box96
\@tempa=\box97
\@tempa=\box98
\@tempa=\box99
\@tempa=\box100
\@tempa=\box101
\@tempa=\box102
\@tempa=\box103
\@tempa=\box104
\@tempa=\box105
\@tempa=\box106
\@tempa=\box107
\@tempa=\box108
\@tempa=\box109
\c@minrows=\count329
\c@columnbadness=\count330
\c@finalcolumnbadness=\count331
\last@try=\dimen284
\multicolovershoot=\dimen285
\multicolundershoot=\dimen286
\mult@nat@firstbox=\box110
\colbreak@box=\box111
\mc@col@check@num=\count332
) (/usr/local/texlive/2025/texmf-dist/tex/latex/tools/array.sty
Package: array 2024/10/17 v2.6g Tabular extension package (FMi)
\col@sep=\dimen287
\ar@mcellbox=\box112
\extrarowheight=\dimen288
\NC@list=\toks44
\extratabsurround=\skip65
\backup@length=\skip66
\ar@cellbox=\box113
) (/usr/local/texlive/2025/texmf-dist/tex/latex/float/float.sty
Package: float 2001/11/08 v1.3d Float enhancements (AL)
\c@float@type=\count333
\float@exts=\toks45
\float@box=\box114
\@float@everytoks=\toks46
\@floatcapt=\box115
)
Package hyperref Info: Option `colorlinks' set `true' on input line 25.
 (/usr/local/texlive/2025/texmf-dist/tex/generic/pgf/frontendlayer/tikz/libraries/tikzlibrarypositioning.code.tex
File: tikzlibrarypositioning.code.tex 2023-01-15 v3.1.10 (3.1.10)
) (/usr/local/texlive/2025/texmf-dist/tex/generic/pgf/frontendlayer/tikz/libraries/tikzlibrarycalc.code.tex
File: tikzlibrarycalc.code.tex 2023-01-15 v3.1.10 (3.1.10)
) (/usr/local/texlive/2025/texmf-dist/tex/generic/pgf/frontendlayer/tikz/libraries/tikzlibraryshapes.geometric.code.tex
File: tikzlibraryshapes.geometric.code.tex 2023-01-15 v3.1.10 (3.1.10)
 (/usr/local/texlive/2025/texmf-dist/tex/generic/pgf/libraries/shapes/pgflibraryshapes.geometric.code.tex
File: pgflibraryshapes.geometric.code.tex 2023-01-15 v3.1.10 (3.1.10)
)) (/usr/local/texlive/2025/texmf-dist/tex/generic/pgf/frontendlayer/tikz/libraries/tikzlibraryshapes.multipart.code.tex
File: tikzlibraryshapes.multipart.code.tex 2023-01-15 v3.1.10 (3.1.10)
 (/usr/local/texlive/2025/texmf-dist/tex/generic/pgf/libraries/shapes/pgflibraryshapes.multipart.code.tex
File: pgflibraryshapes.multipart.code.tex 2023-01-15 v3.1.10 (3.1.10)
\pgfnodepartlowerbox=\box116
\pgfnodeparttwobox=\box117
\pgfnodepartthreebox=\box118
\pgfnodepartfourbox=\box119
\pgfnodeparttwentybox=\box120
\pgfnodepartnineteenbox=\box121
\pgfnodeparteighteenbox=\box122
\pgfnodepartseventeenbox=\box123
\pgfnodepartsixteenbox=\box124
\pgfnodepartfifteenbox=\box125
\pgfnodepartfourteenbox=\box126
\pgfnodepartthirteenbox=\box127
\pgfnodeparttwelvebox=\box128
\pgfnodepartelevenbox=\box129
\pgfnodeparttenbox=\box130
\pgfnodepartninebox=\box131
\pgfnodeparteightbox=\box132
\pgfnodepartsevenbox=\box133
\pgfnodepartsixbox=\box134
\pgfnodepartfivebox=\box135
)) (/usr/local/texlive/2025/texmf-dist/tex/generic/pgf/frontendlayer/tikz/libraries/tikzlibraryshapes.code.tex
File: tikzlibraryshapes.code.tex 2023-01-15 v3.1.10 (3.1.10)
 (/usr/local/texlive/2025/texmf-dist/tex/generic/pgf/frontendlayer/tikz/libraries/tikzlibraryshapes.misc.code.tex
File: tikzlibraryshapes.misc.code.tex 2023-01-15 v3.1.10 (3.1.10)
 (/usr/local/texlive/2025/texmf-dist/tex/generic/pgf/libraries/shapes/pgflibraryshapes.misc.code.tex
File: pgflibraryshapes.misc.code.tex 2023-01-15 v3.1.10 (3.1.10)
)) (/usr/local/texlive/2025/texmf-dist/tex/generic/pgf/frontendlayer/tikz/libraries/tikzlibraryshapes.symbols.code.tex
File: tikzlibraryshapes.symbols.code.tex 2023-01-15 v3.1.10 (3.1.10)

(/usr/local/texlive/2025/texmf-dist/tex/generic/pgf/libraries/shapes/pgflibraryshapes.symbols.code.tex
File: pgflibraryshapes.symbols.code.tex 2023-01-15 v3.1.10 (3.1.10)
)) (/usr/local/texlive/2025/texmf-dist/tex/generic/pgf/frontendlayer/tikz/libraries/tikzlibraryshapes.arrows.code.tex
File: tikzlibraryshapes.arrows.code.tex 2023-01-15 v3.1.10 (3.1.10)
 (/usr/local/texlive/2025/texmf-dist/tex/generic/pgf/libraries/shapes/pgflibraryshapes.arrows.code.tex
File: pgflibraryshapes.arrows.code.tex 2023-01-15 v3.1.10 (3.1.10)
)) (/usr/local/texlive/2025/texmf-dist/tex/generic/pgf/frontendlayer/tikz/libraries/tikzlibraryshapes.callouts.code.tex (/usr/local/texlive/2025/texmf-dist/tex/generic/pgf/libraries/shapes/pgflibraryshapes.callouts.code.tex))) (/usr/local/texlive/2025/texmf-dist/tex/generic/pgf/libraries/pgflibraryarrows.meta.code.tex
File: pgflibraryarrows.meta.code.tex 2023-01-15 v3.1.10 (3.1.10)
\pgfarrowinset=\dimen289
\pgfarrowlength=\dimen290
\pgfarrowwidth=\dimen291
\pgfarrowlinewidth=\dimen292
) (/usr/local/texlive/2025/texmf-dist/tex/generic/pgf/frontendlayer/tikz/libraries/tikzlibraryarrows.code.tex
File: tikzlibraryarrows.code.tex 2023-01-15 v3.1.10 (3.1.10)
 (/usr/local/texlive/2025/texmf-dist/tex/generic/pgf/libraries/pgflibraryarrows.code.tex
File: pgflibraryarrows.code.tex 2023-01-15 v3.1.10 (3.1.10)
\arrowsize=\dimen293
)) (/usr/local/texlive/2025/texmf-dist/tex/generic/pgf/frontendlayer/tikz/libraries/tikzlibrarydecorations.markings.code.tex (/usr/local/texlive/2025/texmf-dist/tex/generic/pgf/frontendlayer/tikz/libraries/tikzlibrarydecorations.code.tex (/usr/local/texlive/2025/texmf-dist/tex/generic/pgf/modules/pgfmoduledecorations.code.tex
\pgfdecoratedcompleteddistance=\dimen294
\pgfdecoratedremainingdistance=\dimen295
\pgfdecoratedinputsegmentcompleteddistance=\dimen296
\pgfdecoratedinputsegmentremainingdistance=\dimen297
\pgf@decorate@distancetomove=\dimen298
\pgf@decorate@repeatstate=\count334
\pgfdecorationsegmentamplitude=\dimen299
\pgfdecorationsegmentlength=\dimen300
)
\tikz@lib@dec@box=\box136
) (/usr/local/texlive/2025/texmf-dist/tex/generic/pgf/libraries/decorations/pgflibrarydecorations.markings.code.tex)) (/usr/local/texlive/2025/texmf-dist/tex/latex/pgf/frontendlayer/libraries/tikzlibraryexternal.code.tex (/usr/local/texlive/2025/texmf-dist/tex/generic/pgf/frontendlayer/tikz/libraries/tikzexternalshared.code.tex)) (/usr/local/texlive/2025/texmf-dist/tex/generic/pgf/frontendlayer/tikz/libraries/tikzlibrarytrees.code.tex
File: tikzlibrarytrees.code.tex 2023-01-15 v3.1.10 (3.1.10)
)
\c@remark=\count335
\c@assumption=\count336
\c@proposition=\count337
\c@theorem=\count338
\c@corollary=\count339
\c@condition=\count340
\c@lemma=\count341
\c@exmp=\count342
\c@design=\count343
\c@defi=\count344
 (/usr/local/texlive/2025/texmf-dist/tex/latex/fixme/fixme.sty
Package: fixme 2019/01/03 v4.5 Collaborative annotations for LaTeX2e
 (/usr/local/texlive/2025/texmf-dist/tex/latex/base/ifthen.sty
Package: ifthen 2024/03/16 v1.1e Standard LaTeX ifthen package (DPC)
) (/usr/local/texlive/2025/texmf-dist/tex/latex/tools/verbatim.sty
Package: verbatim 2024-01-22 v1.5x LaTeX2e package for verbatim enhancements
\every@verbatim=\toks47
\verbatim@line=\toks48
\verbatim@in@stream=\read3
) (/usr/local/texlive/2025/texmf-dist/tex/latex/xkeyval/xkeyval.sty
Package: xkeyval 2022/06/16 v2.9 package option processing (HA)
 (/usr/local/texlive/2025/texmf-dist/tex/generic/xkeyval/xkeyval.tex (/usr/local/texlive/2025/texmf-dist/tex/generic/xkeyval/xkvutils.tex
\XKV@toks=\toks49
\XKV@tempa@toks=\toks50
)
\XKV@depth=\count345
File: xkeyval.tex 2014/12/03 v2.7a key=value parser (HA)
))
\lox@file=\read4
\c@fixmecount=\count346
\c@fxnotecount=\count347
\c@fxwarningcount=\count348
\c@fxerrorcount=\count349
\c@fxfatalcount=\count350
) (/usr/local/texlive/2025/texmf-dist/tex/latex/fixme/themes/fxthemecolor.sty
Package: fxthemecolor 
 (/usr/local/texlive/2025/texmf-dist/tex/latex/fixme/layouts/env/fxenvlayoutcolor.sty
Package: fxenvlayoutcolor 
) (/usr/local/texlive/2025/texmf-dist/tex/latex/fixme/layouts/target/fxtargetlayoutcolor.sty
Package: fxtargetlayoutcolor 
)) (/usr/local/texlive/2025/texmf-dist/tex/latex/l3backend/l3backend-pdftex.def
File: l3backend-pdftex.def 2024-05-08 L3 backend support: PDF output (pdfTeX)
\l__color_backend_stack_int=\count351
\l__pdf_internal_box=\box137
)
No file enrt_draft.aux.
\openout1 = `enrt_draft.aux'.

LaTeX Font Info:    Checking defaults for OML/cmm/m/it on input line 175.
LaTeX Font Info:    ... okay on input line 175.
LaTeX Font Info:    Checking defaults for OMS/cmsy/m/n on input line 175.
LaTeX Font Info:    ... okay on input line 175.
LaTeX Font Info:    Checking defaults for OT1/cmr/m/n on input line 175.
LaTeX Font Info:    ... okay on input line 175.
LaTeX Font Info:    Checking defaults for T1/cmr/m/n on input line 175.
LaTeX Font Info:    ... okay on input line 175.
LaTeX Font Info:    Checking defaults for TS1/cmr/m/n on input line 175.
LaTeX Font Info:    ... okay on input line 175.
LaTeX Font Info:    Checking defaults for OMX/cmex/m/n on input line 175.
LaTeX Font Info:    ... okay on input line 175.
LaTeX Font Info:    Checking defaults for U/cmr/m/n on input line 175.
LaTeX Font Info:    ... okay on input line 175.
LaTeX Font Info:    Checking defaults for PD1/pdf/m/n on input line 175.
LaTeX Font Info:    ... okay on input line 175.
LaTeX Font Info:    Checking defaults for PU/pdf/m/n on input line 175.
LaTeX Font Info:    ... okay on input line 175.
Package hyperref Info: Link coloring ON on input line 175.
\@outlinefile=\write4
\openout4 = `enrt_draft.out'.

(/usr/local/texlive/2025/texmf-dist/tex/context/base/mkii/supp-pdf.mkii
[Loading MPS to PDF converter (version 2006.09.02).]
\scratchcounter=\count352
\scratchdimen=\dimen301
\scratchbox=\box138
\nofMPsegments=\count353
\nofMParguments=\count354
\everyMPshowfont=\toks51
\MPscratchCnt=\count355
\MPscratchDim=\dimen302
\MPnumerator=\count356
\makeMPintoPDFobject=\count357
\everyMPtoPDFconversion=\toks52
) (/usr/local/texlive/2025/texmf-dist/tex/latex/epstopdf-pkg/epstopdf-base.sty
Package: epstopdf-base 2020-01-24 v2.11 Base part for package epstopdf
Package epstopdf-base Info: Redefining graphics rule for `.eps' on input line 485.
 (/usr/local/texlive/2025/texmf-dist/tex/latex/latexconfig/epstopdf-sys.cfg
File: epstopdf-sys.cfg 2010/07/13 v1.3 Configuration of (r)epstopdf for TeX Live
))
LaTeX Font Info:    Trying to load font information for U+msa on input line 177.
 (/usr/local/texlive/2025/texmf-dist/tex/latex/amsfonts/umsa.fd
File: umsa.fd 2013/01/14 v3.01 AMS symbols A
)
LaTeX Font Info:    Trying to load font information for U+msb on input line 177.
 (/usr/local/texlive/2025/texmf-dist/tex/latex/amsfonts/umsb.fd
File: umsb.fd 2013/01/14 v3.01 AMS symbols B
)

Package natbib Warning: Citation `Latkin2009' on page 1 undefined on input line 184.


Package natbib Warning: Citation `Latkin2013' on page 1 undefined on input line 184.


Package natbib Warning: Citation `Booth2016' on page 1 undefined on input line 184.


Package natbib Warning: Citation `Miller2018' on page 1 undefined on input line 184.


Package natbib Warning: Citation `Sherman2009' on page 1 undefined on input line 184.


Package natbib Warning: Citation `Asmus2017' on page 1 undefined on input line 184.


Package natbib Warning: Citation `Desrosiers2020' on page 1 undefined on input line 184.


Package natbib Warning: Citation `SaintJacques2019' on page 1 undefined on input line 184.


Package natbib Warning: Citation `Latkin2009' on page 1 undefined on input line 185.


Package natbib Warning: Citation `Latkin2013' on page 1 undefined on input line 185.


Package natbib Warning: Citation `Simmons2015' on page 1 undefined on input line 185.


Package natbib Warning: Citation `Buchanan2018' on page 1 undefined on input line 186.


Package natbib Warning: Citation `Buchanan_2024' on page 1 undefined on input line 186.


Package natbib Warning: Citation `Chao2023' on page 1 undefined on input line 186.


Package natbib Warning: Citation `Fang2023' on page 1 undefined on input line 186.


Package natbib Warning: Citation `Chao2023' on page 1 undefined on input line 186.

Package hyperref Info: bookmark level for unknown fixme defaults to 0 on input line 186.
FiXme Note: '\citet {Chao2023} allow for alters with observed exposures equal one to be in fact not exposed to the treated ego (the ego didn't deliver the treatment...), but we exclude such measurement problem by our design. Namely, we only have a one-sided misclassification for alters (0 instead of 1, but not vice versa).' on input line 186.

Package natbib Warning: Citation `vanderweele2015' on page 1 undefined on input line 187.



[1

{/usr/local/texlive/2025/texmf-var/fonts/map/pdftex/updmap/pdftex.map}{/usr/local/texlive/2025/texmf-dist/fonts/enc/dvips/cm-super/cm-super-ts1.enc}]
<figures/population_and_ego_network.png, id=25, 721.7364pt x 417.9615pt>
File: figures/population_and_ego_network.png Graphic file (type png)
<use figures/population_and_ego_network.png>
Package pdftex.def Info: figures/population_and_ego_network.png  used on input line 240.
(pdftex.def)             Requested size: 375.54044pt x 217.48154pt.


LaTeX Warning: Reference `fig:egonetwork' on page 2 undefined on input line 248.



[2
pdfTeX warning (ext4): destination with the same identifier (name{figure.1}) has been already used, duplicate ignored
<argument> ...shipout:D \box_use:N \l_shipout_box 
                                                  \__shipout_drop_firstpage_...
l.250 
       <./figures/population_and_ego_network.png>]

LaTeX Warning: Reference `ass:expos_map' on page 3 undefined on input line 271.


LaTeX Warning: Reference `ass:bernoulli_design' on page 3 undefined on input line 295.


LaTeX Warning: Reference `ass:bernoulli_design' on page 3 undefined on input line 296.


LaTeX Warning: Reference `ass:ego_postivity' on page 3 undefined on input line 306.


LaTeX Warning: Reference `ass:ego_postivity' on page 3 undefined on input line 307.



[3]

Package natbib Warning: Citation `Crawford2019' on page 4 undefined on input line 310.


LaTeX Warning: Reference `eq:indirect_effect' on page 4 undefined on input line 320.


LaTeX Warning: Reference `apdx_sec:proof' on page 4 undefined on input line 321.

FiXme Note: 'TODO: write something about how we don't assume that egos and alters have comparable potential outcomes. That might be the case if units that are recruited as egos have different latent characteristics than those that are recruited as alters, e.g., egos are more likely to be recruited in the first wave and have different behavior patterns.' on input line 334.

LaTeX Warning: Reference `ass:bernoulli_design' on page 4 undefined on input line 338.


LaTeX Warning: Reference `eq:indirect_effect' on page 4 undefined on input line 338.


LaTeX Warning: Reference `eq:directed_effect' on page 4 undefined on input line 352.


LaTeX Warning: Reference `fig:egonetwork' on page 4 undefined on input line 366.


LaTeX Warning: Reference `eq:IE_naive_HT' on page 4 undefined on input line 366.


LaTeX Warning: Reference `eq:DE_naive_HT' on page 4 undefined on input line 366.


LaTeX Warning: Reference `ass:bernoulli_design' on page 4 undefined on input line 369.


LaTeX Warning: Reference `ass:expos_map' on page 4 undefined on input line 369.


LaTeX Warning: Reference `ass:consis' on page 4 undefined on input line 369.


LaTeX Warning: Reference `eq:IE_naive_HT' on page 4 undefined on input line 396.


LaTeX Warning: Reference `eq:DE_naive_HT' on page 4 undefined on input line 397.



[4]

LaTeX Warning: Reference `prop:bias_naive_ht' on page 5 undefined on input line 402.


LaTeX Warning: Reference `ass:expos_map' on page 5 undefined on input line 403.


LaTeX Warning: Reference `eq:indirect_effect' on page 5 undefined on input line 407.


LaTeX Warning: Reference `subsec:rho_param' on page 5 undefined on input line 407.


LaTeX Warning: Reference `eq:directed_effect' on page 5 undefined on input line 408.

FiXme Note: 'TODO: write some clarification that the SA or bias analysis for IE will depend on $\pi _i^a$, which can be simplified to specifying the number or probability of missing ego-alter edges (edges of alters to egos in different ego-networks). Similar thing to the egos about $\pi _i^e$ but with the additional sensitivity parameter $\kappa $.' on input line 411.

LaTeX Warning: Reference `eq:IE_corrected' on page 5 undefined on input line 430.


LaTeX Warning: Reference `eq:indirect_effect' on page 5 undefined on input line 430.


LaTeX Warning: Reference `ass:bernoulli_design' on page 5 undefined on input line 433.


LaTeX Warning: Reference `ass:expos_map' on page 5 undefined on input line 433.


LaTeX Warning: Reference `ass:consis' on page 5 undefined on input line 433.

FiXme Note: 'TODO: split this paragraph. First part about bias magnitude move to previous Prop, and the part about attenuation towards the null keep here.' on input line 437.

LaTeX Warning: Reference `eq:indirect_effect_estimator' on page 5 undefined on input line 439.


LaTeX Warning: Reference `apdx_sec:proof' on page 5 undefined on input line 439.

FiXme Note: 'Expand on this point.' on input line 442.

LaTeX Warning: Reference `eq:IE_corrected' on page 5 undefined on input line 442.



[5]
Overfull \hbox (9.86331pt too wide) detected at line 459
[][][][][][] \OT1/cmr/m/n/10 = [] [] [] [] \OML/cmm/m/it/10 ;
 []


LaTeX Warning: Reference `eq:IE_corrected' on page 6 undefined on input line 460.

FiXme Note: 'Variance estimation... in the appendix...' on input line 462.

LaTeX Warning: Reference `ass:egos_kappa' on page 6 undefined on input line 473.


LaTeX Warning: Reference `ass:egos_kappa' on page 6 undefined on input line 477.


LaTeX Warning: Reference `eq:DE_corrected' on page 6 undefined on input line 495.


LaTeX Warning: Reference `eq:directed_effect' on page 6 undefined on input line 495.


LaTeX Warning: Reference `ass:bernoulli_design' on page 6 undefined on input line 498.


LaTeX Warning: Reference `ass:expos_map' on page 6 undefined on input line 498.


LaTeX Warning: Reference `ass:consis' on page 6 undefined on input line 498.


LaTeX Warning: Reference `ass:egos_kappa' on page 6 undefined on input line 498.

FiXme Note: 'Write about the grid of $\kappa $ values and what it means about attenuation or not towards the null. We do require that $\kappa \neq 1 - \frac {1}{\pi _i^e}$ for all $i\in \mathcal {R}_e$ for the estimator to be well defined.' on input line 505.
FiXme Note: 'Refine the paragraph.' on input line 508.

LaTeX Warning: Reference `eq:IE_corrected_aipw' on page 6 undefined on input line 508.


Overfull \hbox (39.93356pt too wide) detected at line 524
[][][][][][] \OT1/cmr/m/n/10 = [] [] [] [] \OML/cmm/m/it/10 ;
 []


LaTeX Warning: Reference `prop:ie_sa' on page 6 undefined on input line 528.


LaTeX Warning: Reference `prop:de_2param_sa' on page 6 undefined on input line 528.


LaTeX Warning: Reference `eq:indirect_effect' on page 6 undefined on input line 528.


LaTeX Warning: Reference `eq:directed_effect' on page 6 undefined on input line 528.


LaTeX Warning: Reference `eq:indirect_effect_estimator' on page 6 undefined on input line 528.


LaTeX Warning: Reference `eq:directed_effect_estimator' on page 6 undefined on input line 528.



[6]

LaTeX Warning: Reference `ass:bernoulli_design' on page 7 undefined on input line 531.


LaTeX Warning: Reference `ass:expos_map' on page 7 undefined on input line 531.


LaTeX Warning: Reference `fig:egonetwork' on page 7 undefined on input line 531.


LaTeX Warning: Reference `eq:sbm' on page 7 undefined on input line 544.


LaTeX Warning: Reference `apdx_sec:proof' on page 7 undefined on input line 562.


LaTeX Warning: Reference `subsec:ie' on page 7 undefined on input line 573.


LaTeX Warning: Reference `eq:pi_ego' on page 7 undefined on input line 575.


LaTeX Warning: Reference `eq:pi_a' on page 7 undefined on input line 575.


LaTeX Warning: Reference `eq:sbm' on page 7 undefined on input line 579.


LaTeX Warning: Reference `eq:pi_ego' on page 7 undefined on input line 580.


LaTeX Warning: Reference `eq:pi_a' on page 7 undefined on input line 585.


LaTeX Warning: Reference `exmp:pi_homo' on page 7 undefined on input line 590.



[7]

LaTeX Warning: Reference `exmp:pi_homo' on page 8 undefined on input line 603.


LaTeX Warning: Reference `exmp:pi_number' on page 8 undefined on input line 603.


LaTeX Warning: Reference `exmp:pi_number' on page 8 undefined on input line 618.


LaTeX Warning: Reference `exmp:pi_hetero' on page 8 undefined on input line 618.


LaTeX Warning: Reference `exmp:pi_hetero' on page 8 undefined on input line 619.


LaTeX Warning: Reference `exmp:pi_number' on page 8 undefined on input line 624.


LaTeX Warning: Reference `apdx_sec:proof' on page 8 undefined on input line 630.


LaTeX Warning: Reference `exmp:pi_number' on page 8 undefined on input line 630.


Overfull \hbox (1.03899pt too wide) in paragraph at lines 633--634
[]\OT1/cmr/bx/n/10 TODO: this cap-ping I de-scribed doesn't en-sure that each unit at-tains the bounded
 []


LaTeX Warning: Reference `exmp:pi_homo' on page 8 undefined on input line 635.


LaTeX Warning: Reference `exmp:pi_hetero' on page 8 undefined on input line 635.


LaTeX Warning: Reference `exmp:pi_homo' on page 8 undefined on input line 639.


LaTeX Warning: Reference `exmp:pi_number' on page 8 undefined on input line 640.


LaTeX Warning: Reference `exmp:pi_hetero' on page 8 undefined on input line 643.


LaTeX Warning: Reference `exmp:pi_hetero_number' on page 8 undefined on input line 644.


LaTeX Warning: Reference `exmp:pi_hetero' on page 8 undefined on input line 645.



[8]

LaTeX Warning: Reference `eq:pi_ego' on page 9 undefined on input line 659.


LaTeX Warning: Reference `eq:pi_a' on page 9 undefined on input line 659.


LaTeX Warning: Reference `exmp:pi_homo' on page 9 undefined on input line 666.


LaTeX Warning: Reference `exmp:pi_hetero_number' on page 9 undefined on input line 666.


LaTeX Warning: Reference `apdx_sec:proof' on page 9 undefined on input line 668.

FiXme Note: 'Updated the high-level structure that includes the outcomes models $m^a, m^e$ as well.' on input line 679.

LaTeX Warning: Reference `eq:IE_corrected' on page 9 undefined on input line 683.


LaTeX Warning: Reference `eq:IE_corrected_aipw' on page 9 undefined on input line 683.


LaTeX Warning: Reference `eq:DE_corrected' on page 9 undefined on input line 683.


LaTeX Warning: Reference `eq:DE_corrected_aipw' on page 9 undefined on input line 683.


Package natbib Warning: Citation `Greenland2005' on page 9 undefined on input line 690.


Package natbib Warning: Citation `Lash2014' on page 9 undefined on input line 690.


LaTeX Warning: Reference `sa:step2' on page 9 undefined on input line 690.



[9]

LaTeX Warning: Reference `ass:spillovers_ego_alter' on page 10 undefined on input line 702.


LaTeX Warning: Reference `ass:egos_kappa' on page 10 undefined on input line 702.


LaTeX Warning: Reference `exmp:logistic_po' on page 10 undefined on input line 702.


LaTeX Warning: Reference `prop:ie_sa' on page 10 undefined on input line 704.


LaTeX Warning: Reference `prop:de_2param_sa' on page 10 undefined on input line 704.


LaTeX Warning: Reference `eq:indirect_effect_estimator' on page 10 undefined on input line 704.


LaTeX Warning: Reference `eq:directed_effect_estimator' on page 10 undefined on input line 704.


LaTeX Warning: Reference `exmp:pi_homo' on page 10 undefined on input line 705.


LaTeX Warning: Reference `exmp:pi_number' on page 10 undefined on input line 705.


LaTeX Warning: Reference `exmp:pi_hetero' on page 10 undefined on input line 705.



[10]

LaTeX Warning: Reference `exmp:pi_number' on page 11 undefined on input line 812.


LaTeX Warning: Reference `exmp:pi_hetero' on page 11 undefined on input line 812.


Package natbib Warning: Citation `Buchanan2018' on page 11 undefined on input line 813.


Package natbib Warning: Citation `Buchanan_2024' on page 11 undefined on input line 813.


Package natbib Warning: Citation `Chao2023' on page 11 undefined on input line 813.



[11
pdfTeX warning (ext4): destination with the same identifier (name{table.1}) has been already used, duplicate ignored
<argument> ...shipout:D \box_use:N \l_shipout_box 
                                                  \__shipout_drop_firstpage_...
l.814 
      
pdfTeX warning (ext4): destination with the same identifier (name{table.2}) has been already used, duplicate ignored
<argument> ...shipout:D \box_use:N \l_shipout_box 
                                                  \__shipout_drop_firstpage_...
l.814 
      ]
<figures/hptn/sa_ie_plot_not_augmented.png, id=147, 578.16pt x 361.35pt>
File: figures/hptn/sa_ie_plot_not_augmented.png Graphic file (type png)
<use figures/hptn/sa_ie_plot_not_augmented.png>
Package pdftex.def Info: figures/hptn/sa_ie_plot_not_augmented.png  used on input line 817.
(pdftex.def)             Requested size: 292.0877pt x 182.55475pt.
<figures/hptn/sa_de_plot.png, id=148, 722.7pt x 433.62pt>
File: figures/hptn/sa_de_plot.png Graphic file (type png)
<use figures/hptn/sa_de_plot.png>
Package pdftex.def Info: figures/hptn/sa_de_plot.png  used on input line 824.
(pdftex.def)             Requested size: 333.81726pt x 200.28807pt.


LaTeX Warning: File `graphics/hptn/pba_ie_not_augmented.png' not found on input line 831.


/Users/barwein/Library/CloudStorage/Dropbox/My PC (LAPTOP-6NAJD2IQ)/Desktop/Gate/University/TAU/PhD/Writing/Drafts/Sampled networks/ENRT_SA/draft/enrt_draft.tex:831: Package pdftex.def Error: File `graphics/hptn/pba_ie_not_augmented.png' not found: using draft setting.

See the pdftex.def package documentation for explanation.
Type  H <return>  for immediate help.
 ...                                              
                                                  
l.831 ...]{graphics/hptn/pba_ie_not_augmented.png}
                                                  
Try typing  <return>  to proceed.
If that doesn't work, type  X <return>  to quit.



[12
pdfTeX warning (ext4): destination with the same identifier (name{figure.2}) has been already used, duplicate ignored
<argument> ...shipout:D \box_use:N \l_shipout_box 
                                                  \__shipout_drop_firstpage_...
l.835 
      
pdfTeX warning (ext4): destination with the same identifier (name{figure.3}) has been already used, duplicate ignored
<argument> ...shipout:D \box_use:N \l_shipout_box 
                                                  \__shipout_drop_firstpage_...
l.835 
       <./figures/hptn/sa_ie_plot_not_augmented.png> <./figures/hptn/sa_de_plot.png>]

LaTeX Warning: File `graphics/hptn/pba_de_not_augmented.png' not found on input line 838.


/Users/barwein/Library/CloudStorage/Dropbox/My PC (LAPTOP-6NAJD2IQ)/Desktop/Gate/University/TAU/PhD/Writing/Drafts/Sampled networks/ENRT_SA/draft/enrt_draft.tex:838: Package pdftex.def Error: File `graphics/hptn/pba_de_not_augmented.png' not found: using draft setting.

See the pdftex.def package documentation for explanation.
Type  H <return>  for immediate help.
 ...                                              
                                                  
l.838 ...]{graphics/hptn/pba_de_not_augmented.png}
                                                  
Try typing  <return>  to proceed.
If that doesn't work, type  X <return>  to quit.


Package natbib Warning: Citation `Chao2023' on page 13 undefined on input line 847.



[13
pdfTeX warning (ext4): destination with the same identifier (name{figure.4}) has been already used, duplicate ignored
<argument> ...shipout:D \box_use:N \l_shipout_box 
                                                  \__shipout_drop_firstpage_...
l.850     \item T
                 ransporting the in-sample exposure-contrast estimand to pop...
pdfTeX warning (ext4): destination with the same identifier (name{figure.5}) has been already used, duplicate ignored
<argument> ...shipout:D \box_use:N \l_shipout_box 
                                                  \__shipout_drop_firstpage_...
l.850     \item T
                 ransporting the in-sample exposure-contrast estimand to pop...] (./enrt_draft.bbl)

[14]

LaTeX Warning: Reference `eq:IE_naive_HT' on page 15 undefined on input line 874.


LaTeX Warning: Reference `ass:bernoulli_design' on page 15 undefined on input line 887.


LaTeX Warning: Reference `ass:consis' on page 15 undefined on input line 914.


Underfull \hbox (badness 10000) in paragraph at lines 913--918

 []


LaTeX Warning: Reference `apdx.eq:alter_0_1' on page 15 undefined on input line 947.


LaTeX Warning: Reference `apdx.eq:alter_0_0' on page 15 undefined on input line 947.



[15]

LaTeX Warning: Reference `prop:bias_naive_ht' on page 16 undefined on input line 976.


Underfull \hbox (badness 10000) in paragraph at lines 975--980

 []


LaTeX Warning: Reference `apdx.eq:alter_bias_ht' on page 16 undefined on input line 994.


LaTeX Warning: Reference `prop:ie_sa' on page 16 undefined on input line 994.


LaTeX Warning: Reference `eq:IE_corrected_aipw' on page 16 undefined on input line 996.


Overfull \hbox (5.4189pt too wide) detected at line 1019
[]
 []

FiXme Note: 'TODO: add ref' on input line 1021.

LaTeX Warning: Reference `eq:IE_corrected_aipw' on page 16 undefined on input line 1025.



[16]

LaTeX Warning: Reference `eq:pi_a' on page 17 undefined on input line 1068.


LaTeX Warning: Reference `apdx.eq:alter_bias_ht' on page 17 undefined on input line 1076.


LaTeX Warning: Reference `ass:bernoulli_design' on page 17 undefined on input line 1086.


LaTeX Warning: Reference `ass:expos_map' on page 17 undefined on input line 1086.


LaTeX Warning: Reference `eq:pi_a' on page 17 undefined on input line 1092.


LaTeX Warning: Reference `eq:IE_naive_HT' on page 17 undefined on input line 1103.


LaTeX Warning: Reference `apdx.eq:alter_0_1' on page 17 undefined on input line 1114.


LaTeX Warning: Reference `apdx.eq:ie_ratio_ht' on page 17 undefined on input line 1114.


LaTeX Warning: Reference `apdx.eq:IE_ratio' on page 17 undefined on input line 1114.


LaTeX Warning: Reference `apdx.eq:alter_0_0' on page 17 undefined on input line 1115.


LaTeX Warning: Reference `apdx.eq:alter_0_0' on page 17 undefined on input line 1115.


LaTeX Warning: Reference `apdx.eq:alter_0_1' on page 17 undefined on input line 1123.



[17]

LaTeX Warning: Reference `apdx.eq:IE_ratio_adjusted_esti' on page 18 undefined on input line 1145.


Package natbib Warning: Citation `Saerndal2003' on page 18 undefined on input line 1145.


LaTeX Warning: Reference `eq:DE_naive_HT' on page 18 undefined on input line 1149.


LaTeX Warning: Reference `ass:bernoulli_design' on page 18 undefined on input line 1162.


LaTeX Warning: Reference `ass:consis' on page 18 undefined on input line 1201.


LaTeX Warning: Reference `ass:bernoulli_design' on page 18 undefined on input line 1202.



[18]

LaTeX Warning: Reference `apdx.eq:ego_1_0' on page 19 undefined on input line 1228.


LaTeX Warning: Reference `apdx.eq:ego_0_0' on page 19 undefined on input line 1228.


LaTeX Warning: Reference `prop:bias_naive_ht' on page 19 undefined on input line 1254.


LaTeX Warning: Reference `ass:egos_kappa' on page 19 undefined on input line 1257.


LaTeX Warning: Reference `eq:DE_corrected' on page 19 undefined on input line 1257.


Underfull \hbox (badness 10000) in paragraph at lines 1253--1258

 []


LaTeX Warning: Reference `apdx.eq:ego_1_0' on page 19 undefined on input line 1271.


LaTeX Warning: Reference `apdx.eq:ego_0_0' on page 19 undefined on input line 1271.


LaTeX Warning: Reference `apdx.eq:ego_ht_bias' on page 19 undefined on input line 1271.


LaTeX Warning: Reference `ass:egos_kappa' on page 19 undefined on input line 1305.


LaTeX Warning: Reference `eq:DE_corrected_aipw' on page 19 undefined on input line 1307.


Overfull \hbox (39.93356pt too wide) detected at line 1332
[]
 []

FiXme Note: 'TODO: add ref' on input line 1333.
FiXme Note: 'TODO: write about the adjusted DE estimator compared to the naive one in terms of $\kappa $ and $\pi _i^e$ combinations.' on input line 1361.


[19]

[20
pdfTeX warning (ext4): destination with the same identifier (name{table.B.1}) has been already used, duplicate ignored
<argument> ...shipout:D \box_use:N \l_shipout_box 
                                                  \__shipout_drop_firstpage_...
l.1464 
       ]

[21
pdfTeX warning (ext4): destination with the same identifier (name{table.B.2}) has been already used, duplicate ignored
<argument> ...shipout:D \box_use:N \l_shipout_box 
                                                  \__shipout_drop_firstpage_...
l.1564 
       
pdfTeX warning (ext4): destination with the same identifier (name{table.B.3}) has been already used, duplicate ignored
<argument> ...shipout:D \box_use:N \l_shipout_box 
                                                  \__shipout_drop_firstpage_...
l.1564 
       ]

LaTeX Warning: File `graphics/hptn/alter_per_egonet_histogram.png' not found on input line 1569.


/Users/barwein/Library/CloudStorage/Dropbox/My PC (LAPTOP-6NAJD2IQ)/Desktop/Gate/University/TAU/PhD/Writing/Drafts/Sampled networks/ENRT_SA/draft/enrt_draft.tex:1569: Package pdftex.def Error: File `graphics/hptn/alter_per_egonet_histogram.png' not found: using draft setting.

See the pdftex.def package documentation for explanation.
Type  H <return>  for immediate help.
 ...                                              
                                                  
l.1569 ...ics/hptn/alter_per_egonet_histogram.png}
                                                  
Try typing  <return>  to proceed.
If that doesn't work, type  X <return>  to quit.


LaTeX Warning: File `graphics/hptn/sa_de_plot_aug_kappa2.png' not found on input line 1576.


/Users/barwein/Library/CloudStorage/Dropbox/My PC (LAPTOP-6NAJD2IQ)/Desktop/Gate/University/TAU/PhD/Writing/Drafts/Sampled networks/ENRT_SA/draft/enrt_draft.tex:1576: Package pdftex.def Error: File `graphics/hptn/sa_de_plot_aug_kappa2.png' not found: using draft setting.

See the pdftex.def package documentation for explanation.
Type  H <return>  for immediate help.
 ...                                              
                                                  
l.1576 ...graphics/hptn/sa_de_plot_aug_kappa2.png}
                                                  
Try typing  <return>  to proceed.
If that doesn't work, type  X <return>  to quit.



[22
pdfTeX warning (ext4): destination with the same identifier (name{table.B.4}) has been already used, duplicate ignored
<argument> ...shipout:D \box_use:N \l_shipout_box 
                                                  \__shipout_drop_firstpage_...
l.1580 
       
pdfTeX warning (ext4): destination with the same identifier (name{figure.C.1}) has been already used, duplicate ignored
<argument> ...shipout:D \box_use:N \l_shipout_box 
                                                  \__shipout_drop_firstpage_...
l.1580 
       ]

Package natbib Warning: There were undefined citations.


FiXme Summary: Number of notes: 12,
(FiXme)        Number of warnings: 0,
(FiXme)        Number of errors: 0,
(FiXme)        Number of fatal errors: 0,
(FiXme)        Total: 12.



[23
pdfTeX warning (ext4): destination with the same identifier (name{figure.C.2}) has been already used, duplicate ignored
<argument> ...shipout:D \box_use:N \l_shipout_box 
                                                  \__shipout_drop_firstpage_...
l.1581 \end{document}
                     ] (./enrt_draft.aux)
 ***********
LaTeX2e <2024-11-01> patch level 2
L3 programming layer <2025-01-18>
 ***********


LaTeX Warning: There were undefined references.


LaTeX Warning: Label(s) may have changed. Rerun to get cross-references right.


Package rerunfilecheck Warning: File `enrt_draft.out' has changed.
(rerunfilecheck)                Rerun to get outlines right
(rerunfilecheck)                or use package `bookmark'.

Package rerunfilecheck Info: Checksums for `enrt_draft.out':
(rerunfilecheck)             Before: <no file>
(rerunfilecheck)             After:  36ADBE8A9E74B319F242520FA63CC27B;3049.
 ) 
Here is how much of TeX's memory you used:
 27956 strings out of 473190
 566134 string characters out of 5715800
 979493 words of memory out of 5000000
 50611 multiletter control sequences out of 15000+600000
 570307 words of font info for 79 fonts, out of 8000000 for 9000
 1141 hyphenation exceptions out of 8191
 102i,15n,107p,1055b,571s stack positions out of 10000i,1000n,20000p,200000b,200000s
</usr/local/texlive/2025/texmf-dist/fonts/type1/public/amsfonts/cm/cmbx10.pfb></usr/local/texlive/2025/texmf-dist/fonts/type1/public/amsfonts/cm/cmbx12.pfb></usr/local/texlive/2025/texmf-dist/fonts/type1/public/amsfonts/cm/cmbx8.pfb></usr/local/texlive/2025/texmf-dist/fonts/type1/public/amsfonts/cm/cmex10.pfb></usr/local/texlive/2025/texmf-dist/fonts/type1/public/amsfonts/cmextra/cmex7.pfb></usr/local/texlive/2025/texmf-dist/fonts/type1/public/amsfonts/cmextra/cmex8.pfb></usr/local/texlive/2025/texmf-dist/fonts/type1/public/amsfonts/cm/cmmi10.pfb></usr/local/texlive/2025/texmf-dist/fonts/type1/public/amsfonts/cm/cmmi5.pfb></usr/local/texlive/2025/texmf-dist/fonts/type1/public/amsfonts/cm/cmmi6.pfb></usr/local/texlive/2025/texmf-dist/fonts/type1/public/amsfonts/cm/cmmi7.pfb></usr/local/texlive/2025/texmf-dist/fonts/type1/public/amsfonts/cm/cmmi8.pfb></usr/local/texlive/2025/texmf-dist/fonts/type1/public/amsfonts/cm/cmmib10.pfb></usr/local/texlive/2025/texmf-dist/fonts/type1/public/amsfonts/cmextra/cmmib7.pfb></usr/local/texlive/2025/texmf-dist/fonts/type1/public/amsfonts/cm/cmr10.pfb></usr/local/texlive/2025/texmf-dist/fonts/type1/public/amsfonts/cm/cmr12.pfb></usr/local/texlive/2025/texmf-dist/fonts/type1/public/amsfonts/cm/cmr17.pfb></usr/local/texlive/2025/texmf-dist/fonts/type1/public/amsfonts/cm/cmr5.pfb></usr/local/texlive/2025/texmf-dist/fonts/type1/public/amsfonts/cm/cmr6.pfb></usr/local/texlive/2025/texmf-dist/fonts/type1/public/amsfonts/cm/cmr7.pfb></usr/local/texlive/2025/texmf-dist/fonts/type1/public/amsfonts/cm/cmr8.pfb></usr/local/texlive/2025/texmf-dist/fonts/type1/public/amsfonts/cm/cmsy10.pfb></usr/local/texlive/2025/texmf-dist/fonts/type1/public/amsfonts/cm/cmsy7.pfb></usr/local/texlive/2025/texmf-dist/fonts/type1/public/amsfonts/cm/cmsy8.pfb></usr/local/texlive/2025/texmf-dist/fonts/type1/public/amsfonts/cm/cmti10.pfb></usr/local/texlive/2025/texmf-dist/fonts/type1/public/amsfonts/cm/cmtt10.pfb></usr/local/texlive/2025/texmf-dist/fonts/type1/public/amsfonts/symbols/msbm10.pfb></usr/local/texlive/2025/texmf-dist/fonts/type1/public/amsfonts/symbols/msbm7.pfb></usr/local/texlive/2025/texmf-dist/fonts/type1/public/cm-super/sfrm1000.pfb>
Output written on enrt_draft.pdf (23 pages, 1091016 bytes).
PDF statistics:
 382 PDF objects out of 1000 (max. 8388607)
 294 compressed objects within 3 object streams
 123 named destinations out of 1000 (max. 500000)
 28 words of extra memory for PDF output out of 10000 (max. 10000000)

